<?xml version="1.0" encoding="UTF-8"?>
<!-- Generated by org.testng.reporters.JUnitReportReporter -->
<testsuite hostname="LAPTOP-3LM0TE9V" name="com.TPG.test.TPGTestIT" tests="2" failures="0" timestamp="15 Apr 2019 09:30:47 GMT" time="29.579" errors="0">
  <testcase name="loginToPostOffice" time="13.486" classname="com.TPG.test.TPGTestIT"/>
  <testcase name="loginToMyAccount" time="16.093" classname="com.TPG.test.TPGTestIT"/>
</testsuite> <!-- com.TPG.test.TPGTestIT -->
